
Xvnc TigerVNC 1.11.0 - built 2021-09-20 17:57
Copyright (C) 1999-2020 TigerVNC Team and many others (see README.rst)
See https://www.tigervnc.org for information on TigerVNC.
Underlying X server release 12013000, The X.Org Foundation


Fri Dec 24 07:20:21 2021
 vncext:      VNC extension running!
 vncext:      Listening for VNC connections on local interface(s), port 5902
 vncext:      created VNC server for screen 0
3NI3X0 New Xtigervnc server 'CLENON:2 (root)' on port 5902 for display :2.
3NI3X0 Use xtigervncviewer -SecurityTypes VncAuth -passwd /root/.vnc/passwd :2 to connect to the VNC server.

Fri Dec 24 07:20:29 2021
 Connections: accepted: 127.0.0.1::33164
 SConnection: Client needs protocol version 3.8
 SConnection: Client requests security type VncAuth(2)
 RandomStream: no OS supplied random source - using rand()

Fri Dec 24 07:20:31 2021
 VNCSConnST:  Server default pixel format depth 24 (32bpp) little-endian rgb888

Fri Dec 24 07:20:32 2021
 ComparingUpdateTracker: 0 pixels in / 0 pixels out
 ComparingUpdateTracker: (1:nan ratio)
X connection to :2 broken (explicit kill or server shutdown).
 VNCSConnST:  closing 127.0.0.1::33164: Server shutdown
 EncodeManager: Framebuffer updates: 2
 EncodeManager:   Tight:
 EncodeManager:     Solid: 5 rects, 1.28276 Mpixels
 EncodeManager:            80 B (1:64138.9 ratio)
 EncodeManager:     Indexed RLE: 2 rects, 18.536 kpixels
 EncodeManager:                  1.27148 KiB (1:56.9647 ratio)
 EncodeManager:   Total: 7 rects, 1.3013 Mpixels
 EncodeManager:          1.34961 KiB (1:3766.49 ratio)
 ComparingUpdateTracker: 0 pixels in / 0 pixels out
 ComparingUpdateTracker: (1:nan ratio)
The Xtigervnc server cleanly exited!
Killing Xtigervnc process ID 25702... success!
